2026-04-04 12:17:26 [main] INFO  c.x.s.StudentCourseSystemApplication - Starting StudentCourseSystemApplication using Java 21.0.8 with PID 30608 (D:\Dev\Java\student-course-system\target\classes started by xfz in D:\Dev\Java\student-course-system)
2026-04-04 12:17:26 [main] INFO  c.x.s.StudentCourseSystemApplication - No active profile set, falling back to 1 default profile: "default"
2026-04-04 12:17:26 [main] INFO  org.springframework.boot.tomcat.TomcatWebServer - Tomcat initialized with port 8080 (http)
2026-04-04 12:17:26 [main] INFO  org.apache.catalina.core.StandardService - Starting service [Tomcat]
2026-04-04 12:17:26 [main] INFO  org.apache.catalina.core.StandardEngine - Starting Servlet engine: [Apache Tomcat/11.0.20]
2026-04-04 12:17:26 [main] INFO  o.s.b.w.c.servlet.WebApplicationContextInitializer - Root WebApplicationContext: initialization completed in 443 ms
2026-04-04 12:17:26 [main] INFO  org.springframework.boot.tomcat.TomcatWebServer - Tomcat started on port 8080 (http) with context path '/'
2026-04-04 12:17:26 [main] INFO  c.x.s.StudentCourseSystemApplication - Started StudentCourseSystemApplication in 0.982 seconds (process running for 1.369)
2026-04-04 12:17:26 [main] INFO  c.x.s.StudentCourseSystemApplication - 服务开始了开始了！！！！！！！！！！
2026-04-04 12:21:16 [SpringApplicationShutdownHook] INFO  org.springframework.boot.tomcat.GracefulShutdown - Commencing graceful shutdown. Waiting for active requests to complete
2026-04-04 12:21:16 [tomcat-shutdown] INFO  org.springframework.boot.tomcat.GracefulShutdown - Graceful shutdown complete
2026-04-04 12:21:18 [main] INFO  c.x.s.StudentCourseSystemApplication - Starting StudentCourseSystemApplication using Java 21.0.8 with PID 55384 (D:\Dev\Java\student-course-system\target\classes started by xfz in D:\Dev\Java\student-course-system)
2026-04-04 12:21:18 [main] INFO  c.x.s.StudentCourseSystemApplication - No active profile set, falling back to 1 default profile: "default"
2026-04-04 12:21:18 [main] INFO  org.springframework.boot.tomcat.TomcatWebServer - Tomcat initialized with port 8080 (http)
2026-04-04 12:21:18 [main] INFO  org.apache.catalina.core.StandardService - Starting service [Tomcat]
2026-04-04 12:21:18 [main] INFO  org.apache.catalina.core.StandardEngine - Starting Servlet engine: [Apache Tomcat/11.0.20]
2026-04-04 12:21:18 [main] INFO  o.s.b.w.c.servlet.WebApplicationContextInitializer - Root WebApplicationContext: initialization completed in 440 ms
2026-04-04 12:21:18 [main] INFO  org.springframework.boot.tomcat.TomcatWebServer - Tomcat started on port 8080 (http) with context path '/'
2026-04-04 12:21:18 [main] INFO  c.x.s.StudentCourseSystemApplication - Started StudentCourseSystemApplication in 0.983 seconds (process running for 1.461)
2026-04-04 12:21:18 [main] INFO  c.x.s.StudentCourseSystemApplication - 服务开始了开始了！！！！！！！！！！
2026-04-04 12:23:12 [SpringApplicationShutdownHook] INFO  org.springframework.boot.tomcat.GracefulShutdown - Commencing graceful shutdown. Waiting for active requests to complete
2026-04-04 12:23:12 [tomcat-shutdown] INFO  org.springframework.boot.tomcat.GracefulShutdown - Graceful shutdown complete
2026-04-04 12:23:14 [main] INFO  c.x.s.StudentCourseSystemApplication - Starting StudentCourseSystemApplication using Java 21.0.8 with PID 43576 (D:\Dev\Java\student-course-system\target\classes started by xfz in D:\Dev\Java\student-course-system)
2026-04-04 12:23:14 [main] INFO  c.x.s.StudentCourseSystemApplication - No active profile set, falling back to 1 default profile: "default"
2026-04-04 12:23:14 [main] INFO  org.springframework.boot.tomcat.TomcatWebServer - Tomcat initialized with port 8080 (http)
2026-04-04 12:23:14 [main] INFO  org.apache.catalina.core.StandardService - Starting service [Tomcat]
2026-04-04 12:23:14 [main] INFO  org.apache.catalina.core.StandardEngine - Starting Servlet engine: [Apache Tomcat/11.0.20]
2026-04-04 12:23:14 [main] INFO  o.s.b.w.c.servlet.WebApplicationContextInitializer - Root WebApplicationContext: initialization completed in 447 ms
2026-04-04 12:23:15 [main] INFO  org.springframework.boot.tomcat.TomcatWebServer - Tomcat started on port 8080 (http) with context path '/'
2026-04-04 12:23:15 [main] INFO  c.x.s.StudentCourseSystemApplication - Started StudentCourseSystemApplication in 1.015 seconds (process running for 1.403)
2026-04-04 12:23:15 [main] INFO  c.x.s.StudentCourseSystemApplication - 服务开始了开始了！！！！！！！！！！
2026-04-04 13:44:54 [SpringApplicationShutdownHook] INFO  org.springframework.boot.tomcat.GracefulShutdown - Commencing graceful shutdown. Waiting for active requests to complete
2026-04-04 13:44:54 [tomcat-shutdown] INFO  org.springframework.boot.tomcat.GracefulShutdown - Graceful shutdown complete
2026-04-04T13:44:57.884+08:00  INFO 45700 --- [student-course-system] [main] c.x.s.StudentCourseSystemApplication     : Starting StudentCourseSystemApplication using Java 21.0.8 with PID 45700 (D:\Dev\Java\student-course-system\target\classes started by xfz in D:\Dev\Java\student-course-system)
2026-04-04T13:44:57.886+08:00  INFO 45700 --- [student-course-system] [main] c.x.s.StudentCourseSystemApplication     : No active profile set, falling back to 1 default profile: "default"
2026-04-04T13:44:58.527+08:00  INFO 45700 --- [student-course-system] [main] o.s.boot.tomcat.TomcatWebServer          : Tomcat initialized with port 8080 (http)
2026-04-04T13:44:58.537+08:00  INFO 45700 --- [student-course-system] [main] o.apache.catalina.core.StandardService   : Starting service [Tomcat]
2026-04-04T13:44:58.537+08:00  INFO 45700 --- [student-course-system] [main] o.apache.catalina.core.StandardEngine    : Starting Servlet engine: [Apache Tomcat/11.0.20]
2026-04-04T13:44:58.566+08:00  INFO 45700 --- [student-course-system] [main] b.w.c.s.WebApplicationContextInitializer : Root WebApplicationContext: initialization completed in 652 ms
2026-04-04T13:44:58.784+08:00  INFO 45700 --- [student-course-system] [main] o.s.boot.tomcat.TomcatWebServer          : Tomcat started on port 8080 (http) with context path '/'
2026-04-04T13:44:58.787+08:00  INFO 45700 --- [student-course-system] [main] c.x.s.StudentCourseSystemApplication     : Started StudentCourseSystemApplication in 1.219 seconds (process running for 1.635)
2026-04-04T13:44:58.789+08:00  INFO 45700 --- [student-course-system] [main] c.x.s.StudentCourseSystemApplication     : 服务开始了开始了！！！！！！！！！！
2026-04-04T13:45:21.024+08:00  INFO 45700 --- [student-course-system] [http-nio-8080-exec-1] o.apache.tomcat.util.http.parser.Cookie  : A cookie header was received [Hm_lvt_cd8218cd51f800ed2b73e5751cb3f4f9=1773797183,1773810443,1773810499,1773814016] that contained an invalid cookie. That cookie will be ignored.
 Note: further occurrences of this error will be logged at DEBUG level.
2026-04-04T13:45:21.032+08:00  INFO 45700 --- [student-course-system] [http-nio-8080-exec-1] o.a.c.c.C.[Tomcat].[localhost].[/]       : Initializing Spring DispatcherServlet 'dispatcherServlet'
2026-04-04T13:45:21.033+08:00  INFO 45700 --- [student-course-system] [http-nio-8080-exec-1] o.s.web.servlet.DispatcherServlet        : Initializing Servlet 'dispatcherServlet'
2026-04-04T13:45:21.034+08:00  INFO 45700 --- [student-course-system] [http-nio-8080-exec-1] o.s.web.servlet.DispatcherServlet        : Completed initialization in 1 ms
2026-04-04T13:49:26.437+08:00  INFO 45700 --- [student-course-system] [SpringApplicationShutdownHook] o.s.boot.tomcat.GracefulShutdown         : Commencing graceful shutdown. Waiting for active requests to complete
2026-04-04T13:49:26.443+08:00  INFO 45700 --- [student-course-system] [tomcat-shutdown] o.s.boot.tomcat.GracefulShutdown         : Graceful shutdown complete
